# JRE version: Java(TM) SE Runtime Environment (25.0+37) (build 25+37-LTS-3491)
# Java VM: Java HotSpot(TM) 64-Bit Server VM (25+37-LTS-3491, mixed mode, sharing, tiered, compressed oops, compressed class ptrs, g1 gc, windows-amd64)
GC Precious Log:
 CardTable entry size: 512
 Card Set container configuration: InlinePtr #cards 4 size 8 Array Of Cards #cards 16 size 48 Howl #buckets 8 coarsen threshold 3686 Howl Bitmap #cards 512 size 80 coarsen threshold 460 Card regions per heap region 1 cards per card region 4096
 CPUs: 20 total, 20 available
 Memory: 16051M
 Large Page Support: Disabled
 NUMA Support: Disabled
 Compressed Oops: Enabled (Zero based)
 Heap Region Size: 2M
 Heap Min Capacity: 8M
 Heap Initial Capacity: 252M
 Heap Max Capacity: 4014M
 Pre-touch: Disabled
 Parallel Workers: 15
 Concurrent Workers: 4
 Concurrent Refinement Workers: 15
 Periodic GC: Disabled
Heap:
 garbage-first heap   total reserved 4110336K, committed 591872K, used 465552K [0x0000000705200000, 0x0000000800000000)
  region size 2048K, 14 young (28672K), 5 survivors (10240K)
GC Heap Usage History (20 events):
Event: 13.467 {heap Before GC invocations=10 (full 0):
 garbage-first heap   total reserved 4110336K, committed 90112K, used 57682K [0x0000000705200000, 0x0000000800000000)
  region size 2048K, 11 young (22528K), 1 survivors (2048K)
}
Event: 13.469 {heap After GC invocations=11 (full 0):
 garbage-first heap   total reserved 4110336K, committed 90112K, used 22901K [0x0000000705200000, 0x0000000800000000)
  region size 2048K, 2 young (4096K), 2 survivors (4096K)
}
Event: 14.147 {heap Before GC invocations=11 (full 0):
 garbage-first heap   total reserved 4110336K, committed 90112K, used 65909K [0x0000000705200000, 0x0000000800000000)
  region size 2048K, 16 young (32768K), 2 survivors (4096K)
}
Event: 14.150 {heap After GC invocations=12 (full 0):
 garbage-first heap   total reserved 4110336K, committed 90112K, used 32036K [0x0000000705200000, 0x0000000800000000)
  region size 2048K, 3 young (6144K), 3 survivors (6144K)
}
Event: 14.320 {heap Before GC invocations=12 (full 0):
 garbage-first heap   total reserved 4110336K, committed 90112K, used 52516K [0x0000000705200000, 0x0000000800000000)
  region size 2048K, 8 young (16384K), 3 survivors (6144K)
}
Event: 14.323 {heap After GC invocations=13 (full 0):
 garbage-first heap   total reserved 4110336K, committed 90112K, used 39290K [0x0000000705200000, 0x0000000800000000)
  region size 2048K, 3 young (6144K), 3 survivors (6144K)
}
Event: 14.359 {heap Before GC invocations=13 (full 0):
 garbage-first heap   total reserved 4110336K, committed 90112K, used 49530K [0x0000000705200000, 0x0000000800000000)
  region size 2048K, 4 young (8192K), 3 survivors (6144K)
}
Event: 14.361 {heap After GC invocations=14 (full 0):
 garbage-first heap   total reserved 4110336K, committed 90112K, used 43929K [0x0000000705200000, 0x0000000800000000)
  region size 2048K, 1 young (2048K), 1 survivors (2048K)
}
Event: 17.637 {heap Before GC invocations=15 (full 0):
 garbage-first heap   total reserved 4110336K, committed 198656K, used 150425K [0x0000000705200000, 0x0000000800000000)
  region size 2048K, 17 young (34816K), 1 survivors (2048K)
}
Event: 17.640 {heap After GC invocations=16 (full 0):
 garbage-first heap   total reserved 4110336K, committed 198656K, used 115194K [0x0000000705200000, 0x0000000800000000)
  region size 2048K, 3 young (6144K), 3 survivors (6144K)
}
Event: 19.948 {heap Before GC invocations=16 (full 0):
 garbage-first heap   total reserved 4110336K, committed 358400K, used 352762K [0x0000000705200000, 0x0000000800000000)
  region size 2048K, 25 young (51200K), 3 survivors (6144K)
}
Event: 19.957 {heap After GC invocations=17 (full 0):
 garbage-first heap   total reserved 4110336K, committed 372736K, used 268592K [0x0000000705200000, 0x0000000800000000)
  region size 2048K, 4 young (8192K), 4 survivors (8192K)
}
Event: 33.630 {heap Before GC invocations=17 (full 0):
 garbage-first heap   total reserved 4110336K, committed 372736K, used 313648K [0x0000000705200000, 0x0000000800000000)
  region size 2048K, 27 young (55296K), 4 survivors (8192K)
}
Event: 33.636 {heap After GC invocations=18 (full 0):
 garbage-first heap   total reserved 4110336K, committed 372736K, used 270299K [0x0000000705200000, 0x0000000800000000)
  region size 2048K, 1 young (2048K), 1 survivors (2048K)
}
Event: 50.916 {heap Before GC invocations=19 (full 0):
 garbage-first heap   total reserved 4110336K, committed 460800K, used 440283K [0x0000000705200000, 0x0000000800000000)
  region size 2048K, 37 young (75776K), 1 survivors (2048K)
}
Event: 50.937 {heap After GC invocations=20 (full 0):
 garbage-first heap   total reserved 4110336K, committed 460800K, used 351014K [0x0000000705200000, 0x0000000800000000)
  region size 2048K, 4 young (8192K), 4 survivors (8192K)
}
Event: 78.664 {heap Before GC invocations=20 (full 0):
 garbage-first heap   total reserved 4110336K, committed 460800K, used 432934K [0x0000000705200000, 0x0000000800000000)
  region size 2048K, 44 young (90112K), 4 survivors (8192K)
}
Event: 78.691 {heap After GC invocations=21 (full 0):
 garbage-first heap   total reserved 4110336K, committed 460800K, used 351028K [0x0000000705200000, 0x0000000800000000)
  region size 2048K, 4 young (8192K), 4 survivors (8192K)
}
Event: 90.024 {heap Before GC invocations=21 (full 0):
 garbage-first heap   total reserved 4110336K, committed 460800K, used 385844K [0x0000000705200000, 0x0000000800000000)
  region size 2048K, 23 young (47104K), 4 survivors (8192K)
}
Event: 90.029 {heap After GC invocations=22 (full 0):
 garbage-first heap   total reserved 4110336K, committed 460800K, used 352912K [0x0000000705200000, 0x0000000800000000)
  region size 2048K, 5 young (10240K), 5 survivors (10240K)
}

