# JRE version: OpenJDK Runtime Environment Temurin-21.0.10+7 (21.0.10+7) (build 21.0.10+7-LTS)
# Java VM: OpenJDK 64-Bit Server VM Temurin-21.0.10+7 (21.0.10+7-LTS, mixed mode, sharing, tiered, compressed oops, compressed class ptrs, parallel gc, windows-amd64)
GC Precious Log:
 CardTable entry size: 512
 CPUs: 20 total, 20 available
 Memory: 16051M
 Large Page Support: Disabled
 NUMA Support: Disabled
 Compressed Oops: Enabled (32-bit)
 Alignments: Space 512K, Generation 512K, Heap 2M
 Heap Min Capacity: 100M
 Heap Initial Capacity: 100M
 Heap Max Capacity: 2G
 Pre-touch: Disabled
 Parallel Workers: 15
Heap:
 PSYoungGen      total 5632K, used 1807K [0x00000000d5580000, 0x00000000d5c80000, 0x0000000100000000)
  eden space 4608K, 23% used [0x00000000d5580000,0x00000000d568bf00,0x00000000d5a00000)
  from space 1024K, 71% used [0x00000000d5a80000,0x00000000d5b38000,0x00000000d5b80000)
  to   space 1024K, 0% used [0x00000000d5b80000,0x00000000d5b80000,0x00000000d5c80000)
 ParOldGen       total 1146880K, used 535011K [0x0000000080000000, 0x00000000c6000000, 0x00000000d5580000)
  object space 1146880K, 46% used [0x0000000080000000,0x00000000a0a78c20,0x00000000c6000000)
 Metaspace       used 88950K, committed 90880K, reserved 1179648K
  class space    used 8897K, committed 9728K, reserved 1048576K
GC Heap History (20 events):
Event: 2590.855 GC heap before
{Heap before GC invocations=1913 (full 5):
 PSYoungGen      total 6144K, used 4892K [0x00000000d5580000, 0x00000000d5d00000, 0x0000000100000000)
  eden space 4608K, 99% used [0x00000000d5580000,0x00000000d59ff390,0x00000000d5a00000)
  from space 1536K, 18% used [0x00000000d5a80000,0x00000000d5ac8000,0x00000000d5c00000)
  to   space 1024K, 0% used [0x00000000d5c00000,0x00000000d5c00000,0x00000000d5d00000)
 ParOldGen       total 1146880K, used 527455K [0x0000000080000000, 0x00000000c6000000, 0x00000000d5580000)
  object space 1146880K, 45% used [0x0000000080000000,0x00000000a0317f78,0x00000000c6000000)
 Metaspace       used 88921K, committed 90816K, reserved 1179648K
  class space    used 8897K, committed 9728K, reserved 1048576K
}
Event: 2590.856 GC heap after
{Heap after GC invocations=1913 (full 5):
 PSYoungGen      total 5120K, used 192K [0x00000000d5580000, 0x00000000d5c80000, 0x0000000100000000)
  eden space 4608K, 0% used [0x00000000d5580000,0x00000000d5580000,0x00000000d5a00000)
  from space 512K, 37% used [0x00000000d5c00000,0x00000000d5c30000,0x00000000d5c80000)
  to   space 512K, 0% used [0x00000000d5b80000,0x00000000d5b80000,0x00000000d5c00000)
 ParOldGen       total 1146880K, used 527495K [0x0000000080000000, 0x00000000c6000000, 0x00000000d5580000)
  object space 1146880K, 45% used [0x0000000080000000,0x00000000a0321f78,0x00000000c6000000)
 Metaspace       used 88921K, committed 90816K, reserved 1179648K
  class space    used 8897K, committed 9728K, reserved 1048576K
}
Event: 2590.870 GC heap before
{Heap before GC invocations=1914 (full 5):
 PSYoungGen      total 5120K, used 4800K [0x00000000d5580000, 0x00000000d5c80000, 0x0000000100000000)
  eden space 4608K, 100% used [0x00000000d5580000,0x00000000d5a00000,0x00000000d5a00000)
  from space 512K, 37% used [0x00000000d5c00000,0x00000000d5c30000,0x00000000d5c80000)
  to   space 512K, 0% used [0x00000000d5b80000,0x00000000d5b80000,0x00000000d5c00000)
 ParOldGen       total 1146880K, used 527495K [0x0000000080000000, 0x00000000c6000000, 0x00000000d5580000)
  object space 1146880K, 45% used [0x0000000080000000,0x00000000a0321f78,0x00000000c6000000)
 Metaspace       used 88921K, committed 90816K, reserved 1179648K
  class space    used 8897K, committed 9728K, reserved 1048576K
}
Event: 2590.871 GC heap after
{Heap after GC invocations=1914 (full 5):
 PSYoungGen      total 5120K, used 448K [0x00000000d5580000, 0x00000000d5c80000, 0x0000000100000000)
  eden space 4608K, 0% used [0x00000000d5580000,0x00000000d5580000,0x00000000d5a00000)
  from space 512K, 87% used [0x00000000d5b80000,0x00000000d5bf0000,0x00000000d5c00000)
  to   space 512K, 0% used [0x00000000d5c00000,0x00000000d5c00000,0x00000000d5c80000)
 ParOldGen       total 1146880K, used 527527K [0x0000000080000000, 0x00000000c6000000, 0x00000000d5580000)
  object space 1146880K, 45% used [0x0000000080000000,0x00000000a0329f78,0x00000000c6000000)
 Metaspace       used 88921K, committed 90816K, reserved 1179648K
  class space    used 8897K, committed 9728K, reserved 1048576K
}
Event: 2594.096 GC heap before
{Heap before GC invocations=1915 (full 5):
 PSYoungGen      total 5120K, used 5056K [0x00000000d5580000, 0x00000000d5c80000, 0x0000000100000000)
  eden space 4608K, 100% used [0x00000000d5580000,0x00000000d5a00000,0x00000000d5a00000)
  from space 512K, 87% used [0x00000000d5b80000,0x00000000d5bf0000,0x00000000d5c00000)
  to   space 512K, 0% used [0x00000000d5c00000,0x00000000d5c00000,0x00000000d5c80000)
 ParOldGen       total 1146880K, used 527527K [0x0000000080000000, 0x00000000c6000000, 0x00000000d5580000)
  object space 1146880K, 45% used [0x0000000080000000,0x00000000a0329f78,0x00000000c6000000)
 Metaspace       used 88924K, committed 90816K, reserved 1179648K
  class space    used 8897K, committed 9728K, reserved 1048576K
}
Event: 2594.097 GC heap after
{Heap after GC invocations=1915 (full 5):
 PSYoungGen      total 5120K, used 448K [0x00000000d5580000, 0x00000000d5c80000, 0x0000000100000000)
  eden space 4608K, 0% used [0x00000000d5580000,0x00000000d5580000,0x00000000d5a00000)
  from space 512K, 87% used [0x00000000d5c00000,0x00000000d5c70000,0x00000000d5c80000)
  to   space 512K, 0% used [0x00000000d5b80000,0x00000000d5b80000,0x00000000d5c00000)
 ParOldGen       total 1146880K, used 527567K [0x0000000080000000, 0x00000000c6000000, 0x00000000d5580000)
  object space 1146880K, 46% used [0x0000000080000000,0x00000000a0333f78,0x00000000c6000000)
 Metaspace       used 88924K, committed 90816K, reserved 1179648K
  class space    used 8897K, committed 9728K, reserved 1048576K
}
Event: 2594.119 GC heap before
{Heap before GC invocations=1916 (full 5):
 PSYoungGen      total 5120K, used 3892K [0x00000000d5580000, 0x00000000d5c80000, 0x0000000100000000)
  eden space 4608K, 74% used [0x00000000d5580000,0x00000000d58dd2e8,0x00000000d5a00000)
  from space 512K, 87% used [0x00000000d5c00000,0x00000000d5c70000,0x00000000d5c80000)
  to   space 512K, 0% used [0x00000000d5b80000,0x00000000d5b80000,0x00000000d5c00000)
 ParOldGen       total 1146880K, used 527567K [0x0000000080000000, 0x00000000c6000000, 0x00000000d5580000)
  object space 1146880K, 46% used [0x0000000080000000,0x00000000a0333f78,0x00000000c6000000)
 Metaspace       used 88929K, committed 90816K, reserved 1179648K
  class space    used 8897K, committed 9728K, reserved 1048576K
}
Event: 2594.121 GC heap after
{Heap after GC invocations=1916 (full 5):
 PSYoungGen      total 5120K, used 512K [0x00000000d5580000, 0x00000000d5d00000, 0x0000000100000000)
  eden space 4608K, 0% used [0x00000000d5580000,0x00000000d5580000,0x00000000d5a00000)
  from space 512K, 100% used [0x00000000d5b80000,0x00000000d5c00000,0x00000000d5c00000)
  to   space 1024K, 0% used [0x00000000d5c00000,0x00000000d5c00000,0x00000000d5d00000)
 ParOldGen       total 1146880K, used 528410K [0x0000000080000000, 0x00000000c6000000, 0x00000000d5580000)
  object space 1146880K, 46% used [0x0000000080000000,0x00000000a0406ad0,0x00000000c6000000)
 Metaspace       used 88929K, committed 90816K, reserved 1179648K
  class space    used 8897K, committed 9728K, reserved 1048576K
}
Event: 2594.133 GC heap before
{Heap before GC invocations=1917 (full 5):
 PSYoungGen      total 5120K, used 5062K [0x00000000d5580000, 0x00000000d5d00000, 0x0000000100000000)
  eden space 4608K, 98% used [0x00000000d5580000,0x00000000d59f18d8,0x00000000d5a00000)
  from space 512K, 100% used [0x00000000d5b80000,0x00000000d5c00000,0x00000000d5c00000)
  to   space 1024K, 0% used [0x00000000d5c00000,0x00000000d5c00000,0x00000000d5d00000)
 ParOldGen       total 1146880K, used 528410K [0x0000000080000000, 0x00000000c6000000, 0x00000000d5580000)
  object space 1146880K, 46% used [0x0000000080000000,0x00000000a0406ad0,0x00000000c6000000)
 Metaspace       used 88929K, committed 90816K, reserved 1179648K
  class space    used 8897K, committed 9728K, reserved 1048576K
}
Event: 2594.135 GC heap after
{Heap after GC invocations=1917 (full 5):
 PSYoungGen      total 5632K, used 570K [0x00000000d5580000, 0x00000000d5d00000, 0x0000000100000000)
  eden space 4608K, 0% used [0x00000000d5580000,0x00000000d5580000,0x00000000d5a00000)
  from space 1024K, 55% used [0x00000000d5c00000,0x00000000d5c8e820,0x00000000d5d00000)
  to   space 1024K, 0% used [0x00000000d5b00000,0x00000000d5b00000,0x00000000d5c00000)
 ParOldGen       total 1146880K, used 532508K [0x0000000080000000, 0x00000000c6000000, 0x00000000d5580000)
  object space 1146880K, 46% used [0x0000000080000000,0x00000000a08073b0,0x00000000c6000000)
 Metaspace       used 88929K, committed 90816K, reserved 1179648K
  class space    used 8897K, committed 9728K, reserved 1048576K
}
Event: 2594.147 GC heap before
{Heap before GC invocations=1918 (full 5):
 PSYoungGen      total 5632K, used 4791K [0x00000000d5580000, 0x00000000d5d00000, 0x0000000100000000)
  eden space 4608K, 91% used [0x00000000d5580000,0x00000000d599f5c0,0x00000000d5a00000)
  from space 1024K, 55% used [0x00000000d5c00000,0x00000000d5c8e820,0x00000000d5d00000)
  to   space 1024K, 0% used [0x00000000d5b00000,0x00000000d5b00000,0x00000000d5c00000)
 ParOldGen       total 1146880K, used 532508K [0x0000000080000000, 0x00000000c6000000, 0x00000000d5580000)
  object space 1146880K, 46% used [0x0000000080000000,0x00000000a08073b0,0x00000000c6000000)
 Metaspace       used 88929K, committed 90816K, reserved 1179648K
  class space    used 8897K, committed 9728K, reserved 1048576K
}
Event: 2594.149 GC heap after
{Heap after GC invocations=1918 (full 5):
 PSYoungGen      total 5632K, used 703K [0x00000000d5580000, 0x00000000d5c80000, 0x0000000100000000)
  eden space 4608K, 0% used [0x00000000d5580000,0x00000000d5580000,0x00000000d5a00000)
  from space 1024K, 68% used [0x00000000d5b00000,0x00000000d5bafc98,0x00000000d5c00000)
  to   space 512K, 0% used [0x00000000d5c00000,0x00000000d5c00000,0x00000000d5c80000)
 ParOldGen       total 1146880K, used 532710K [0x0000000080000000, 0x00000000c6000000, 0x00000000d5580000)
  object space 1146880K, 46% used [0x0000000080000000,0x00000000a0839bd0,0x00000000c6000000)
 Metaspace       used 88929K, committed 90816K, reserved 1179648K
  class space    used 8897K, committed 9728K, reserved 1048576K
}
Event: 2594.158 GC heap before
{Heap before GC invocations=1919 (full 5):
 PSYoungGen      total 5632K, used 5311K [0x00000000d5580000, 0x00000000d5c80000, 0x0000000100000000)
  eden space 4608K, 100% used [0x00000000d5580000,0x00000000d5a00000,0x00000000d5a00000)
  from space 1024K, 68% used [0x00000000d5b00000,0x00000000d5bafc98,0x00000000d5c00000)
  to   space 512K, 0% used [0x00000000d5c00000,0x00000000d5c00000,0x00000000d5c80000)
 ParOldGen       total 1146880K, used 532710K [0x0000000080000000, 0x00000000c6000000, 0x00000000d5580000)
  object space 1146880K, 46% used [0x0000000080000000,0x00000000a0839bd0,0x00000000c6000000)
 Metaspace       used 88929K, committed 90816K, reserved 1179648K
  class space    used 8897K, committed 9728K, reserved 1048576K
}
Event: 2594.161 GC heap after
{Heap after GC invocations=1919 (full 5):
 PSYoungGen      total 5120K, used 352K [0x00000000d5580000, 0x00000000d5c80000, 0x0000000100000000)
  eden space 4608K, 0% used [0x00000000d5580000,0x00000000d5580000,0x00000000d5a00000)
  from space 512K, 68% used [0x00000000d5c00000,0x00000000d5c58000,0x00000000d5c80000)
  to   space 512K, 0% used [0x00000000d5b80000,0x00000000d5b80000,0x00000000d5c00000)
 ParOldGen       total 1146880K, used 533592K [0x0000000080000000, 0x00000000c6000000, 0x00000000d5580000)
  object space 1146880K, 46% used [0x0000000080000000,0x00000000a09160b8,0x00000000c6000000)
 Metaspace       used 88929K, committed 90816K, reserved 1179648K
  class space    used 8897K, committed 9728K, reserved 1048576K
}
Event: 2597.226 GC heap before
{Heap before GC invocations=1920 (full 5):
 PSYoungGen      total 5120K, used 4960K [0x00000000d5580000, 0x00000000d5c80000, 0x0000000100000000)
  eden space 4608K, 100% used [0x00000000d5580000,0x00000000d5a00000,0x00000000d5a00000)
  from space 512K, 68% used [0x00000000d5c00000,0x00000000d5c58000,0x00000000d5c80000)
  to   space 512K, 0% used [0x00000000d5b80000,0x00000000d5b80000,0x00000000d5c00000)
 ParOldGen       total 1146880K, used 533592K [0x0000000080000000, 0x00000000c6000000, 0x00000000d5580000)
  object space 1146880K, 46% used [0x0000000080000000,0x00000000a09160b8,0x00000000c6000000)
 Metaspace       used 88931K, committed 90816K, reserved 1179648K
  class space    used 8897K, committed 9728K, reserved 1048576K
}
Event: 2597.229 GC heap after
{Heap after GC invocations=1920 (full 5):
 PSYoungGen      total 5120K, used 512K [0x00000000d5580000, 0x00000000d5d00000, 0x0000000100000000)
  eden space 4608K, 0% used [0x00000000d5580000,0x00000000d5580000,0x00000000d5a00000)
  from space 512K, 100% used [0x00000000d5b80000,0x00000000d5c00000,0x00000000d5c00000)
  to   space 1024K, 0% used [0x00000000d5c00000,0x00000000d5c00000,0x00000000d5d00000)
 ParOldGen       total 1146880K, used 534315K [0x0000000080000000, 0x00000000c6000000, 0x00000000d5580000)
  object space 1146880K, 46% used [0x0000000080000000,0x00000000a09cad60,0x00000000c6000000)
 Metaspace       used 88931K, committed 90816K, reserved 1179648K
  class space    used 8897K, committed 9728K, reserved 1048576K
}
Event: 2611.754 GC heap before
{Heap before GC invocations=1921 (full 5):
 PSYoungGen      total 5120K, used 5120K [0x00000000d5580000, 0x00000000d5d00000, 0x0000000100000000)
  eden space 4608K, 100% used [0x00000000d5580000,0x00000000d5a00000,0x00000000d5a00000)
  from space 512K, 100% used [0x00000000d5b80000,0x00000000d5c00000,0x00000000d5c00000)
  to   space 1024K, 0% used [0x00000000d5c00000,0x00000000d5c00000,0x00000000d5d00000)
 ParOldGen       total 1146880K, used 534315K [0x0000000080000000, 0x00000000c6000000, 0x00000000d5580000)
  object space 1146880K, 46% used [0x0000000080000000,0x00000000a09cad60,0x00000000c6000000)
 Metaspace       used 88941K, committed 90816K, reserved 1179648K
  class space    used 8897K, committed 9728K, reserved 1048576K
}
Event: 2611.757 GC heap after
{Heap after GC invocations=1921 (full 5):
 PSYoungGen      total 5120K, used 384K [0x00000000d5580000, 0x00000000d5c80000, 0x0000000100000000)
  eden space 4608K, 0% used [0x00000000d5580000,0x00000000d5580000,0x00000000d5a00000)
  from space 512K, 75% used [0x00000000d5c00000,0x00000000d5c60000,0x00000000d5c80000)
  to   space 1024K, 0% used [0x00000000d5a80000,0x00000000d5a80000,0x00000000d5b80000)
 ParOldGen       total 1146880K, used 534843K [0x0000000080000000, 0x00000000c6000000, 0x00000000d5580000)
  object space 1146880K, 46% used [0x0000000080000000,0x00000000a0a4ec10,0x00000000c6000000)
 Metaspace       used 88941K, committed 90816K, reserved 1179648K
  class space    used 8897K, committed 9728K, reserved 1048576K
}
Event: 2611.784 GC heap before
{Heap before GC invocations=1922 (full 5):
 PSYoungGen      total 5120K, used 4992K [0x00000000d5580000, 0x00000000d5c80000, 0x0000000100000000)
  eden space 4608K, 100% used [0x00000000d5580000,0x00000000d5a00000,0x00000000d5a00000)
  from space 512K, 75% used [0x00000000d5c00000,0x00000000d5c60000,0x00000000d5c80000)
  to   space 1024K, 0% used [0x00000000d5a80000,0x00000000d5a80000,0x00000000d5b80000)
 ParOldGen       total 1146880K, used 534843K [0x0000000080000000, 0x00000000c6000000, 0x00000000d5580000)
  object space 1146880K, 46% used [0x0000000080000000,0x00000000a0a4ec10,0x00000000c6000000)
 Metaspace       used 88949K, committed 90880K, reserved 1179648K
  class space    used 8897K, committed 9728K, reserved 1048576K
}
Event: 2611.788 GC heap after
{Heap after GC invocations=1922 (full 5):
 PSYoungGen      total 5632K, used 736K [0x00000000d5580000, 0x00000000d5c80000, 0x0000000100000000)
  eden space 4608K, 0% used [0x00000000d5580000,0x00000000d5580000,0x00000000d5a00000)
  from space 1024K, 71% used [0x00000000d5a80000,0x00000000d5b38000,0x00000000d5b80000)
  to   space 1024K, 0% used [0x00000000d5b80000,0x00000000d5b80000,0x00000000d5c80000)
 ParOldGen       total 1146880K, used 535011K [0x0000000080000000, 0x00000000c6000000, 0x00000000d5580000)
  object space 1146880K, 46% used [0x0000000080000000,0x00000000a0a78c20,0x00000000c6000000)
 Metaspace       used 88949K, committed 90880K, reserved 1179648K
  class space    used 8897K, committed 9728K, reserved 1048576K
}

